<?xml version="1.0" encoding="UTF-8"?>
<!-- Generated by org.testng.reporters.JUnitXMLReporter -->
<testsuite hostname="Adils-MacBook-Pro.local" name="P1 Test" tests="1" failures="0" timestamp="19 Mar 2016 02:01:35 GMT" time="0.083" errors="0">
  <testcase name="@BeforeClass setDriver" time="0.0" classname="com.adiltutorials.test.FacebookLoginTest">
    <failure type="java.lang.IllegalStateException" message="The driver executable does not exist: /WebdriverTests/src/main/resources/chromedriver">
      <![CDATA[java.lang.IllegalStateException: The driver executable does not exist: /WebdriverTests/src/main/resources/chromedriver
	at com.google.common.base.Preconditions.checkState(Preconditions.java:199)
	at org.openqa.selenium.remote.service.DriverService.checkExecutable(DriverService.java:121)
	at org.openqa.selenium.remote.service.DriverService.findExecutable(DriverService.java:116)
	at org.openqa.selenium.chrome.ChromeDriverService.access$000(ChromeDriverService.java:32)
	at org.openqa.selenium.chrome.ChromeDriverService$Builder.findDefaultExecutable(ChromeDriverService.java:137)
	at org.openqa.selenium.remote.service.DriverService$Builder.build(DriverService.java:296)
	at org.openqa.selenium.chrome.ChromeDriverService.createDefaultService(ChromeDriverService.java:88)
	at org.openqa.selenium.chrome.ChromeDriver.<init>(ChromeDriver.java:116)
	at com.adiltutorials.test.FacebookLoginTest.setDriver(FacebookLogin.java:31)
... Removed 24 stack frames]]>
    </failure>
  </testcase> <!-- @BeforeClass setDriver -->
  <testcase name="@AfterClass tearDown" time="0.0" classname="com.adiltutorials.test.FacebookLoginTest">
    <failure type="java.lang.NullPointerException">
      <![CDATA[java.lang.NullPointerException
	at com.adiltutorials.test.FacebookLoginTest.tearDown(FacebookLogin.java:39)
... Removed 24 stack frames]]>
    </failure>
  </testcase> <!-- @AfterClass tearDown -->
  <testcase name="loadPage" time="0.001" classname="com.adiltutorials.test.FacebookLoginTest">
    <skipped/>
  </testcase> <!-- loadPage -->
</testsuite> <!-- P1 Test -->
